nohup: ignoring input
Requirement already satisfied: torch==2.2.2 in e:\allprojects\robustness\.venv\lib\site-packages (from -r experiments/scripts/ig/requirements.txt (line 2)) (2.2.2)
Requirement already satisfied: torchvision==0.17.2 in e:\allprojects\robustness\.venv\lib\site-packages (from -r experiments/scripts/ig/requirements.txt (line 3)) (0.17.2)
Requirement already satisfied: numpy in e:\allprojects\robustness\.venv\lib\site-packages (from -r experiments/scripts/ig/requirements.txt (line 4)) (1.26.4)
Requirement already satisfied: pillow==11.1.0 in e:\allprojects\robustness\.venv\lib\site-packages (from -r experiments/scripts/ig/requirements.txt (line 5)) (11.1.0)
Requirement already satisfied: opencv-python==4.11.0.86 in e:\allprojects\robustness\.venv\lib\site-packages (from -r experiments/scripts/ig/requirements.txt (line 6)) (4.11.0.86)
Requirement already satisfied: scikit-image==0.25.1 in e:\allprojects\robustness\.venv\lib\site-packages (from -r experiments/scripts/ig/requirements.txt (line 7)) (0.25.1)
Requirement already satisfied: scikit-learn==1.6.1 in e:\allprojects\robustness\.venv\lib\site-packages (from -r experiments/scripts/ig/requirements.txt (line 8)) (1.6.1)
Requirement already satisfied: scipy==1.15.1 in e:\allprojects\robustness\.venv\lib\site-packages (from -r experiments/scripts/ig/requirements.txt (line 9)) (1.15.1)
Requirement already satisfied: matplotlib==3.10.0 in e:\allprojects\robustness\.venv\lib\site-packages (from -r experiments/scripts/ig/requirements.txt (line 10)) (3.10.0)
Requirement already satisfied: pandas==2.2.3 in e:\allprojects\robustness\.venv\lib\site-packages (from -r experiments/scripts/ig/requirements.txt (line 11)) (2.2.3)
Requirement already satisfied: seaborn==0.13.2 in e:\allprojects\robustness\.venv\lib\site-packages (from -r experiments/scripts/ig/requirements.txt (line 12)) (0.13.2)
Requirement already satisfied: robustbench==1.1 in e:\allprojects\robustness\.venv\lib\site-packages (from -r experiments/scripts/ig/requirements.txt (line 13)) (1.1)
Requirement already satisfied: tqdm==4.67.1 in e:\allprojects\robustness\.venv\lib\site-packages (from -r experiments/scripts/ig/requirements.txt (line 14)) (4.67.1)
Requirement already satisfied: captum==0.6.0 in e:\allprojects\robustness\.venv\lib\site-packages (from -r experiments/scripts/ig/requirements.txt (line 15)) (0.6.0)
Requirement already satisfied: filelock in e:\allprojects\robustness\.venv\lib\site-packages (from torch==2.2.2->-r experiments/scripts/ig/requirements.txt (line 2)) (3.18.0)
Requirement already satisfied: typing-extensions>=4.8.0 in e:\allprojects\robustness\.venv\lib\site-packages (from torch==2.2.2->-r experiments/scripts/ig/requirements.txt (line 2)) (4.13.2)
Requirement already satisfied: sympy in e:\allprojects\robustness\.venv\lib\site-packages (from torch==2.2.2->-r experiments/scripts/ig/requirements.txt (line 2)) (1.14.0)
Requirement already satisfied: networkx in e:\allprojects\robustness\.venv\lib\site-packages (from torch==2.2.2->-r experiments/scripts/ig/requirements.txt (line 2)) (3.5)
Requirement already satisfied: jinja2 in e:\allprojects\robustness\.venv\lib\site-packages (from torch==2.2.2->-r experiments/scripts/ig/requirements.txt (line 2)) (3.1.6)
Requirement already satisfied: fsspec in e:\allprojects\robustness\.venv\lib\site-packages (from torch==2.2.2->-r experiments/scripts/ig/requirements.txt (line 2)) (2025.5.1)
Requirement already satisfied: imageio!=2.35.0,>=2.33 in e:\allprojects\robustness\.venv\lib\site-packages (from scikit-image==0.25.1->-r experiments/scripts/ig/requirements.txt (line 7)) (2.37.0)
Requirement already satisfied: tifffile>=2022.8.12 in e:\allprojects\robustness\.venv\lib\site-packages (from scikit-image==0.25.1->-r experiments/scripts/ig/requirements.txt (line 7)) (2025.5.26)
Requirement already satisfied: packaging>=21 in e:\allprojects\robustness\.venv\lib\site-packages (from scikit-image==0.25.1->-r experiments/scripts/ig/requirements.txt (line 7)) (25.0)
Requirement already satisfied: lazy-loader>=0.4 in e:\allprojects\robustness\.venv\lib\site-packages (from scikit-image==0.25.1->-r experiments/scripts/ig/requirements.txt (line 7)) (0.4)
Requirement already satisfied: joblib>=1.2.0 in e:\allprojects\robustness\.venv\lib\site-packages (from scikit-learn==1.6.1->-r experiments/scripts/ig/requirements.txt (line 8)) (1.5.1)
Requirement already satisfied: threadpoolctl>=3.1.0 in e:\allprojects\robustness\.venv\lib\site-packages (from scikit-learn==1.6.1->-r experiments/scripts/ig/requirements.txt (line 8)) (3.6.0)
Requirement already satisfied: contourpy>=1.0.1 in e:\allprojects\robustness\.venv\lib\site-packages (from matplotlib==3.10.0->-r experiments/scripts/ig/requirements.txt (line 10)) (1.3.2)
Requirement already satisfied: cycler>=0.10 in e:\allprojects\robustness\.venv\lib\site-packages (from matplotlib==3.10.0->-r experiments/scripts/ig/requirements.txt (line 10)) (0.12.1)
Requirement already satisfied: fonttools>=4.22.0 in e:\allprojects\robustness\.venv\lib\site-packages (from matplotlib==3.10.0->-r experiments/scripts/ig/requirements.txt (line 10)) (4.58.1)
Requirement already satisfied: kiwisolver>=1.3.1 in e:\allprojects\robustness\.venv\lib\site-packages (from matplotlib==3.10.0->-r experiments/scripts/ig/requirements.txt (line 10)) (1.4.8)
Requirement already satisfied: pyparsing>=2.3.1 in e:\allprojects\robustness\.venv\lib\site-packages (from matplotlib==3.10.0->-r experiments/scripts/ig/requirements.txt (line 10)) (3.2.3)
Requirement already satisfied: python-dateutil>=2.7 in e:\allprojects\robustness\.venv\lib\site-packages (from matplotlib==3.10.0->-r experiments/scripts/ig/requirements.txt (line 10)) (2.9.0.post0)
Requirement already satisfied: pytz>=2020.1 in e:\allprojects\robustness\.venv\lib\site-packages (from pandas==2.2.3->-r experiments/scripts/ig/requirements.txt (line 11)) (2025.2)
Requirement already satisfied: tzdata>=2022.7 in e:\allprojects\robustness\.venv\lib\site-packages (from pandas==2.2.3->-r experiments/scripts/ig/requirements.txt (line 11)) (2025.2)
Requirement already satisfied: torchdiffeq in e:\allprojects\robustness\.venv\lib\site-packages (from robustbench==1.1->-r experiments/scripts/ig/requirements.txt (line 13)) (0.2.5)
Requirement already satisfied: geotorch in e:\allprojects\robustness\.venv\lib\site-packages (from robustbench==1.1->-r experiments/scripts/ig/requirements.txt (line 13)) (0.3.0)
Requirement already satisfied: requests>=2.25.0 in e:\allprojects\robustness\.venv\lib\site-packages (from robustbench==1.1->-r experiments/scripts/ig/requirements.txt (line 13)) (2.32.3)
Requirement already satisfied: pyautoattack>=0.2.0 in e:\allprojects\robustness\.venv\lib\site-packages (from robustbench==1.1->-r experiments/scripts/ig/requirements.txt (line 13)) (0.2.0)
Requirement already satisfied: timm==1.0.9 in e:\allprojects\robustness\.venv\lib\site-packages (from robustbench==1.1->-r experiments/scripts/ig/requirements.txt (line 13)) (1.0.9)
Requirement already satisfied: gdown==5.1.0 in e:\allprojects\robustness\.venv\lib\site-packages (from robustbench==1.1->-r experiments/scripts/ig/requirements.txt (line 13)) (5.1.0)
Requirement already satisfied: pyyaml in e:\allprojects\robustness\.venv\lib\site-packages (from robustbench==1.1->-r experiments/scripts/ig/requirements.txt (line 13)) (6.0.2)
Requirement already satisfied: colorama in e:\allprojects\robustness\.venv\lib\site-packages (from tqdm==4.67.1->-r experiments/scripts/ig/requirements.txt (line 14)) (0.4.6)
Requirement already satisfied: beautifulsoup4 in e:\allprojects\robustness\.venv\lib\site-packages (from gdown==5.1.0->robustbench==1.1->-r experiments/scripts/ig/requirements.txt (line 13)) (4.13.4)
Requirement already satisfied: huggingface_hub in e:\allprojects\robustness\.venv\lib\site-packages (from timm==1.0.9->robustbench==1.1->-r experiments/scripts/ig/requirements.txt (line 13)) (0.32.3)
Requirement already satisfied: safetensors in e:\allprojects\robustness\.venv\lib\site-packages (from timm==1.0.9->robustbench==1.1->-r experiments/scripts/ig/requirements.txt (line 13)) (0.5.3)
Requirement already satisfied: MarkupSafe>=2.0 in e:\allprojects\robustness\.venv\lib\site-packages (from jinja2->torch==2.2.2->-r experiments/scripts/ig/requirements.txt (line 2)) (3.0.2)
Requirement already satisfied: six>=1.5 in e:\allprojects\robustness\.venv\lib\site-packages (from python-dateutil>=2.7->matplotlib==3.10.0->-r experiments/scripts/ig/requirements.txt (line 10)) (1.17.0)
Requirement already satisfied: charset-normalizer<4,>=2 in e:\allprojects\robustness\.venv\lib\site-packages (from requests>=2.25.0->robustbench==1.1->-r experiments/scripts/ig/requirements.txt (line 13)) (3.4.2)
Requirement already satisfied: idna<4,>=2.5 in e:\allprojects\robustness\.venv\lib\site-packages (from requests>=2.25.0->robustbench==1.1->-r experiments/scripts/ig/requirements.txt (line 13)) (3.10)
Requirement already satisfied: urllib3<3,>=1.21.1 in e:\allprojects\robustness\.venv\lib\site-packages (from requests>=2.25.0->robustbench==1.1->-r experiments/scripts/ig/requirements.txt (line 13)) (2.4.0)
Requirement already satisfied: certifi>=2017.4.17 in e:\allprojects\robustness\.venv\lib\site-packages (from requests>=2.25.0->robustbench==1.1->-r experiments/scripts/ig/requirements.txt (line 13)) (2025.4.26)
Requirement already satisfied: mpmath<1.4,>=1.1.0 in e:\allprojects\robustness\.venv\lib\site-packages (from sympy->torch==2.2.2->-r experiments/scripts/ig/requirements.txt (line 2)) (1.3.0)
Requirement already satisfied: soupsieve>1.2 in e:\allprojects\robustness\.venv\lib\site-packages (from beautifulsoup4->gdown==5.1.0->robustbench==1.1->-r experiments/scripts/ig/requirements.txt (line 13)) (2.7)
Requirement already satisfied: PySocks!=1.5.7,>=1.5.6 in e:\allprojects\robustness\.venv\lib\site-packages (from requests[socks]->gdown==5.1.0->robustbench==1.1->-r experiments/scripts/ig/requirements.txt (line 13)) (1.7.1)

[notice] A new release of pip is available: 25.0.1 -> 25.1.1
[notice] To update, run: python.exe -m pip install --upgrade pip
experiments/scripts/ig/run_ig_test.sh: line 19: ldconfig: command not found
Installing system dependencies for OpenCV...
experiments/scripts/ig/run_ig_test.sh: line 21: apt-get: command not found
Starting IG robustness test with standard model...
Image directory: experiments/data/tiny-imagenet-200/val
Results will be saved to: experiments/scripts/ig/ig_robustness_standard_results.json
